3 216 40 78
4 167 230 45 130
3 0 32 255
3 180 239 55
3 116 244 264
3 296 284 292
3 168 282 266
4 54 29 199 183
3 34 174 196
3 108 214 223
3 85 204 115
3 275 241 242
3 87 28 31
3 41 102 250
3 184 217 155
3 164 172 265
3 249 121 142
3 99 128 238
3 212 202 152
3 110 146 106
3 88 222 51
3 75 185 182
3 103 122 12
3 80 111 66
3 72 14 67
3 4 82 145
3 8 271 192
3 7 50 280
3 294 26 104
3 148 295 176
3 134 64 289
3 162 268 43
3 259 3 228
3 159 207 297
3 286 68 215
3 246 254 59
3 299 157 141
3 203 209 100
3 24 158 154
3 133 243 251
3 210 236 30
3 62 11 120
3 161 89 256
3 127 258 206
3 13 253 17
3 260 191 252
3 276 170 231
3 136 27 288
3 220 86 71
3 92 298 186
3 95 117 126
3 58 163 262
3 137 177 229
3 290 197 37
3 227 160 47
3 193 61 279
3 15 22 233
3 218 195 143
3 273 237 272
3 150 147 69
3 285 90 153
3 225 73 1
3 107 23 240
3 74 140 135
3 144 48 94
3 56 109 97
3 105 76 46
3 18 6 194
3 171 269 270
3 187 114 123
3 263 42 178
3 38 190 189
3 63 70 208
3 125 283 84
3 156 287 274
3 261 101 49
3 60 235 278
3 200 10 151
3 57 131 77
3 19 119 211
3 198 118 173
3 213 139 257
3 267 25 9
3 44 93 293
3 129 201 2
3 79 83 165
3 245 138 247
2 226 98
3 21 5 132
3 113 248 175
3 224 124 149
3 91 291 169
2 232 205
2 166 16
2 96 35
2 188 219
2 39 112
3 53 81 52
2 277 181
2 281 20
