27 84 9347 4833 5757 6634 8795 8367 9242 5701 2543 7271 8895 2332 9043 1217 467 1727 5681 3387 8778 2801 4146 5142 2637 1663 5647 9829
21 88 568 627 8224 1580 152 8445 7916 9263 2453 5632 3044 7920 2034 5804 5389 1772 1058 9049 8891 8156
28 187 2356 4693 697 4807 7434 6048 896 8116 6013 7187 1716 8952 350 2596 386 214 4715 5747 3598 7128 9174 324 8451 9467 234 7335 3588
24 303 5387 4910 7574 5182 7884 161 4958 7808 2969 8945 3851 2234 4566 2479 83 6730 9490 2851 1486 2708 4650 287 9693
28 474 5113 4661 3105 2338 6023 6251 1160 7234 544 130 6848 1946 4106 8649 4093 6774 3913 8969 6801 1615 6084 3835 2114 8174 4286 4160 1150
31 677 6502 5466 4299 8868 3112 415 2173 8645 6925 536 9001 8547 4777 714 1714 7352 1463 1164 2965 4514 6720 5275 3427 4288 2490 5685 1295 3781 7002 5848
21 719 3949 81 1947 3231 1861 3776 283 8242 449 9835 1769 124 2496 336 4215 642 7826 6770 5404 3043
22 1066 7186 6004 199 6903 4205 8973 9505 249 586 7918 6779 9110 5919 1155 6371 1878 7044 7863 6246 8463 3618
13 1178 9273 8719 9293 331 4252 5331 2855 3837 7136 3863 6364 3812
12 1209 2695 7210 4154 5240 895 8306 7079 3734 762 7133 6439
11 1315 6135 8574 4153 483 8071 8913 5599 2280 7586 1038
16 1335 3197 4575 6245 3453 1146 2186 6906 3481 888 4671 9599 5048 4918 5047 6405
24 1515 1860 6296 6409 5662 1239 4888 6331 6930 6179 1532 2191 6581 4950 9708 787 2331 9066 6867 3302 5683 5753 587 6721
33 1543 817 3989 9105 2577 92 8176 3290 6946 1297 716 8691 8446 3761 953 5026 1921 8074 4660 4459 4535 1567 6928 2687 335 8757 9032 9365 3192 2070 8411 6433 2845
17 1560 8586 8207 7277 6652 3194 3181 4328 3086 7031 192 7358 5467 9887 6445 770 2586
27 1757 7114 5890 2399 6645 2654 1168 8780 8603 5462 2241 2383 6713 7462 2205 1870 9867 6945 528 3419 3711 9760 1374 1213 302 3656 8375
15 1992 109 368 3767 4460 7653 6289 7095 2974 6388 2427 3658 664 7348 7600
30 2135 7687 6239 9109 1046 2291 8981 2702 8864 1960 3079 4038 3182 1499 5292 6940 5577 9683 3353 2150 5840 7332 8714 8802 148 1452 3126 1454 8123 2208
9 2432 9166 3572 8351 6069 476 6349 6158 3631
11 2519 8932 5710 1640 6000 2999 6580 7746 105 9377 4476
24 2571 9090 2642 417 7710 1079 9158 1859 2680 6114 2863 1328 6047 9163 7106 1035 5490 8732 9509 9854 390 6991 5361 8957
18 2920 4873 499 5250 1424 1394 4985 2237 5463 5585 9342 2569 7050 6011 6702 913 8279 1931
27 2949 4494 4706 4794 7243 2967 3370 2781 4593 4744 5021 4209 9300 9998 9444 1761 6773 8495 9170 2672 3497 7992 1445 9243 1495 9196 2411
27 3156 2233 6875 7876 782 7883 5428 8037 8652 2810 636 1934 2636 9378 1395 4770 4978 9697 50 3777 7486 1321 2255 4022 1594 5563 9097
21 3253 2641 1002 2025 3075 7627 5786 3212 512 4188 3813 748 9605 2459 5286 8633 5897 7530 669 5790 7825
26 3580 7512 2566 9575 2731 9410 2857 8800 4397 833 7614 4690 5073 9351 2437 958 9630 8390 8971 5196 1730 1205 7126 1808 7784 5230
27 3629 1609 8274 601 8796 5495 6313 4331 3531 7812 352 7727 2534 5092 6495 5733 6264 6372 5905 1975 7029 4721 1280 4769 2421 749 6191
17 3696 9392 2924 5809 4924 6437 9299 4523 9489 9404 9217 9942 6136 1837 7742 325 4955
26 3869 4984 6206 3833 3879 7364 9481 3867 4353 30 538 6064 924 4290 1668 3078 9162 450 2728 5149 7545 1713 9648 2113 1115 5225
28 4008 567 7117 6327 378 8273 5082 7558 5526 1391 4302 8857 8963 4378 889 5102 3508 1611 4333 5772 651 7204 6358 60 5439 6959 790 7714
24 4078 6329 4935 8434 2167 2464 5766 7777 2240 4433 8244 4840 4992 1229 6429 5696 7652 7480 3804 7625 4401 5895 7831 5819
9 4094 9046 8967 6936 2349 6153 6112 7943 1006
14 4309 7399 9920 5120 846 1647 5433 3784 9948 6587 4278 8296 2065 1159
27 4377 1407 9401 8382 6220 6356 5267 7665 9232 4247 4638 5608 4426 6857 6290 4009 8933 6679 7832 8221 8045 5893 9501 8880 6302 763 7017
9 4435 2788 7975 9382 2245 4297 1910 3190 4027
30 4525 3527 2975 2973 6710 1684 4585 2900 1352 1631 5238 8851 6041 4111 8481 1383 6862 8304 634 262 5677 7242 9719 2564 6693 1195 3500 1653 1547 1134
10 4839 1838 1697 4011 727 1919 5671 5776 9184 8959
30 5018 7956 6123 4164 533 3398 7682 5279 3622 8956 1896 509 4784 8871 5380 3186 9716 2947 7798 985 7447 4572 2342 8124 755 1698 7163 6981 980 9227
23 5299 3005 6164 284 4029 2033 6570 1443 4398 3896 3694 8883 7164 9941 5529 2189 8359 9318 3525 609 6295 2824 4321
13 5335 3546 8979 2690 8653 6647 8667 1248 1709 3550 5780 6521 5697
14 5440 8458 2074 7444 1289 4176 226 7765 5056 2194 6895 1147 70 795
32 5868 4260 7406 168 9757 7579 6967 3439 5764 2393 857 1612 2713 866 3902 8166 806 9193 2789 7786 4674 6347 9825 9855 1811 7980 7261 2353 1120 9711 3984 8582
21 5970 6189 3176 9815 2916 9610 1324 9647 2045 8560 1455 7984 5567 5709 9592 6203 4899 5104 1956 2376 3562
27 6002 4877 874 69 1272 7492 2776 1537 1942 8610 8026 6140 5670 7750 1741 7599 8822 6636 8704 1268 1540 8837 3978 1350 9876 3860 8098
30 6031 3842 9116 6182 617 7477 629 3465 9844 7793 6839 1317 8976 278 4237 1125 9348 7549 9416 7371 1990 8771 1764 652 5399 7509 5942 9168 8311 8001
21 6252 5815 2675 6163 5070 2693 2621 4204 434 1964 7871 8676 3004 1056 1858 140 1398 7869 8717 1579 4865
25 6403 5352 66 1968 8272 4105 6297 1431 3328 2614 2715 1753 1116 3142 7720 4900 1174 8255 8818 6065 7310 12 7001 6458 2770
30 6412 9463 5425 2036 8155 9710 2304 5426 5514 2612 9324 2931 3470 4809 8169 9183 3841 5421 9870 6754 3545 94 7942 110 4640 460 1849 7951 5855 2203
15 6466 2603 5500 9286 856 633 8737 3434 6197 1922 4151 5432 8923 6595 3880
14 6670 5991 9021 7852 574 532 2005 9439 3274 8488 3378 8897 6258 2271
11 6783 1170 513 7602 3445 4615 704 3326 9809 5910 6190
16 7013 6378 2218 8748 5097 4265 7583 5589 2038 3806 571 1153 5773 3787 6461 3928
24 7109 211 1721 4031 3946 3314 3584 1470 7389 6806 7689 6726 5364 7790 3359 9275 9653 162 3132 5828 644 9567 3836 707
33 7463 7435 2422 3462 9947 3594 5069 9981 2673 5951 9132 9812 1259 7817 402 4472 8136 561 134 7734 3152 8442 4076 5645 2980 478 1950 1648 1462 3464 8275 7524 5631
23 7475 1414 9495 7196 7113 4853 9789 7998 5486 592 5420 3455 3521 9597 7400 4960 9959 4612 6899 73 2683 2880 5265
7 7928 3358 9269 4745 9312 7838 5573
17 7965 3245 9666 6711 7737 506 9100 6893 7068 286 2048 9167 4358 6234 5587 3824 1087
18 8175 9393 9935 200 2783 4396 4659 3958 2126 4756 4819 6610 8202 6934 6489 8825 7183 6994
26 8292 3826 1142 3199 2754 7411 643 9912 4937 8150 9302 5385 1277 7260 801 9506 7976 8013 6532 2267 5118 3890 1680 6715 8363 5857
5 8310 3249 4467 6684 2758
19 8640 5808 4184 3632 4291 5751 8555 4119 2314 5550 4159 6515 8364 7251 5311 8371 1865 2862 6260
19 8773 6910 2309 754 7220 1130 6617 3568 1382 7124 4053 9522 6661 8474 9468 5493 6725 107 9146
11 9313 7561 2436 6202 9549 7698 7211 531 5660 369 5903
25 9707 7612 8548 839 6764 761 7245 9889 9561 454 8160 880 1320 5981 5904 2903 3577 2283 4240 885 5354 1662 5024 5964 2172
16 9913 1186 9171 5628 8378 444 2270 1429 6566 4221 4357 8571 3898 5659 6840 8874
14 2465 2589 7347 8126 774 257 4144 309 6079 6229 4548 6817 3762 828
26 9976 4948 3779 8637 1755 6009 5382 5221 9644 6085 1767 4682 9955 6505 6846 1291 8381 5506 7238 7925 5119 3834 5946 8949 5894 807
25 4379 4414 2455 4482 4493 8190 578 4206 5219 4211 2359 3256 186 7099 1671 359 7752 2489 8365 3048 1172 5515 204 13 7235
8 3607 8950 2736 932 1128 6019 8137 6494
9 5497 8489 7804 6947 3018 5277 8340 9048 6
18 9847 8024 8573 5686 6141 6078 7595 5803 7274 3421 3874 3271 4317 4010 6700 1731 7281 1573
9 8878 3475 9314 8854 6336 6698 1937 6460 4796
17 9752 6541 9685 2198 6413 1863 7692 6280 5170 178 2966 7075 5190 5015 1354 3265 6917
16 2735 4090 3640 9965 4064 7683 1634 7284 7071 5195 2336 3519 1333 3280 8251 3229
20 9084 6884 1276 9254 6425 2333 3493 646 9165 5374 5298 3507 5864 3416 6171 4368 3551 7875 4191 9530
16 7429 2738 3601 7086 9625 6985 7684 3178 9245 7027 8756 2188 8934 5551 3791 4243
27 7657 5858 2539 5347 2180 2171 2122 6898 9508 4851 2595 2994 7189 1989 4262 6267 7240 3217 6233 6781 36 5037 49 6844 8152 4273 6650
26 3442 1013 8902 977 8187 2482 2434 5838 9655 969 8644 9264 8051 6683 680 8344 4647 6776 7330 7168 1385 5800 1225 9390 9552 7393
18 5693 8055 4421 2305 9511 7994 7276 9604 5962 8014 2206 8491 1461 2808 4487 6262 5597 6686
30 672 6485 2230 6420 2825 2852 4384 1412 9566 121 7474 9882 5302 7194 6974 6830 4218 288 7541 7973 3355 7336 1156 4864 4545 7349 3576 8508 2243 626
19 6822 789 3066 1963 354 4366 1246 9699 2149 3956 6918 2750 5676 9013 2594 56 7649 59 8217
11 549 4208 5983 3516 5784 6796 5095 5198 8865 3069 3458
13 9619 8736 965 1326 4101 241 1349 6589 2275 4623 3986 1844 8120
7 1305 311 3539 7391 811 9517 4124
25 9563 6740 6360 4250 7685 9419 3366 1553 876 5770 4293 281 7659 2438 683 9583 7125 6483 4619 1068 2003 3670 1401 5703 8000
17 6263 1512 3362 412 4219 5929 3241 8811 7340 1026 4210 4500 1216 7476 8980 6507 5723
25 5192 7287 7792 9890 8766 7668 3721 1745 7555 524 3450 1871 4768 5958 7819 6540 9933 1696 7590 2487 7559 4760 9067 7673 3723
20 3055 2536 1121 1260 7174 4749 3775 1846 3203 8257 6757 8798 8562 9790 3645 8872 1501 6863 1140 722
32 1097 3276 8892 5732 1465 4854 9846 7216 189 2374 4456 2804 4263 4486 6423 7781 3045 9237 7531 9212 7354 3336 6525 5355 6568 6878 2347 411 3914 8636 5896 5547
13 4601 1105 1949 8671 8228 6484 9054 6596 1810 9607 2561 7788 3088
10 9003 9405 6155 1843 4411 7291 5346 3733 1356 6242
31 2247 1773 6951 4107 6173 46 990 9284 5356 1197 9624 4470 9593 5249 1034 1136 6590 972 1124 743 2699 6632 8558 9551 7589 1366 2098 7814 729 5474 2544
19 2015 7097 881 7988 4249 6769 1590 4198 7635 2365 5607 1925 9893 7519 7083 9690 2843 2492 7527
19 4742 8783 3329 5535 3200 9524 8110 1886 4344 4858 7903 3905 3308 7384 1876 991 7046 7646 5975
28 700 3651 206 9926 1503 1685 942 2745 9836 4491 4866 2246 7806 2154 2859 4997 5482 7853 7753 6227 6852 8611 5791 7283 176 3965 1226 2169
32 423 8518 2424 3891 7637 6186 8768 3802 8695 5193 1779 7415 8182 4675 7566 639 5715 5785 6996 771 9704 8920 9665 1851 3144 6651 9173 3303 6761 2145 6348 9916
10 1273 3257 8786 9252 1236 4067 6798 4565 8526 8330
28 8731 7993 245 9144 8823 6742 1627 559 7344 1459 777 6775 8764 689 9879 2213 4710 8061 9730 2030 5570 7780 1877 9814 5148 7154 9834 3569
10 6689 8227 9076 4757 869 7008 3871 5055 5854 295
11 8890 9848 8473 8050 4341 6310 9124 246 792 5760 2609
15 9514 7864 8978 3108 507 4403 7642 8694 7048 3394 1638 9734 2722 6712 4471
15 2720 3654 5140 4316 171 8165 6174 9966 7736 3268 79 7087 3369 926 994
11 7861 6745 6762 9928 6121 1504 890 5329 2841 8814 1339
14 3090 4637 2942 1363 4733 9190 4645 6274 4971 1193 808 9298 1591 6527
12 713 8711 5824 3691 9611 3710 2829 3127 2498 946 8817 2430
23 6277 6706 8302 9627 9297 9951 9512 1496 5913 5861 3974 2541 1083 6624 4670 2962 7074 480 3950 1938 2326 4185 4133
15 5934 1784 873 9754 3145 5098 8427 5741 8002 5736 7426 8441 6148 4641 8594
15 6901 726 332 2787 5674 2817 1182 7456 8968 9750 1952 9290 5798 4446 9374
30 6815 3409 608 1655 9743 8194 3940 7066 7197 5451 1791 3845 3672 6240 2850 7588 2197 7974 9488 3662 673 9088 2372 6401 488 9650 8674 8185 9776 5586
20 7070 8840 7104 8198 4404 3270 611 5036 1181 7309 147 523 9950 7508 2052 3454 7972 8332 1210 2273
13 4679 3119 1331 4798 9019 3926 2890 995 2836 9024 2090 1082 5672
8 5445 1492 3910 306 9921 5077 4040 7093
26 2883 1113 3510 950 984 1487 3393 5310 3798 516 7726 9141 7142 4212 356 5396 7377 8234 9258 4427 1881 9294 3349 1191 2138 1055
33 3817 19 4200 3830 9353 381 2952 7203 1746 2667 9027 5835 5099 463 3570 4711 543 2506 2978 5002 2719 6117 3074 3927 8457 5266 7473 5609 8685 1813 1961 8884 2755
29 9305 6404 8370 2605 3058 3420 5291 7535 9075 294 4244 5878 1428 5340 7743 149 6142 139 2378 2514 404 6976 452 7617 4813 3945 4778 1001 9796
26 4059 3236 6741 1908 3680 6101 5043 6784 3793 7769 9082 5211 235 4235 4881 5168 2524 9211 1895 8716 4180 783 1043 2253 4883 9176
26 1138 2166 7379 1422 2107 1799 6905 215 202 3436 3948 7132 9113 8264 5274 9363 7032 4166 7667 5884 5927 1044 4484 1636 6322 1359
29 5324 5717 6457 4196 419 7085 9018 671 2217 9742 7445 7604 7764 8103 1264 8063 8289 1720 7510 8432 7107 6219 5980 3431 7225 2902 4691 1514 9765
7 1867 658 9412 5562 3750 9368 3341
20 4758 9402 6200 7787 4035 2585 4326 461 9496 4117 5534 8502 8926 4096 2945 5023 8544 836 2749 7760
24 6381 8425 9556 9696 1550 2686 1845 1441 6597 458 1282 4314 1695 8828 4719 9932 6354 7181 2823 58 3931 845 6492 5063
10 2917 1228 5480 3246 8777 7821 7427 9960 8612 4268
11 7957 3575 5006 7580 7323 9345 1529 174 108 5446 6350
16 769 5227 6786 3490 9289 225 7096 9265 5847 6416 3509 8366 5658 4547 3973 7025
18 519 7810 661 2904 6021 8128 1884 4485 8806 1644 2415 9268 8746 21 1819 3595 242 5071
13 4071 3540 4255 4016 3936 451 7378 3998 3720 5657 8666 535 465
26 606 6654 6304 6942 3666 3051 4880 7134 74 9639 8620 9006 7935 1029 5117 4442 6790 4122 8846 1661 3934 630 4392 7489 443 4057
24 8708 3655 9267 4285 3114 1365 1250 7633 8028 1539 3474 8334 3536 6823 217 5789 9531 4425 7185 7157 4580 5661 5449 9990
7 3549 477 6053 615 4405 1686 2591
10 7499 8029 1421 8088 8235 7681 8507 5536 8690 1304
26 1776 1651 502 98 3414 1733 7342 8996 6808 2272 6036 2375 2345 3323 7353 914 7385 2911 1890 9756 9063 1426 5812 8226 4348 5841
18 3307 8557 7927 498 5593 6094 6582 5188 2125 9843 6733 3161 1107 3548 6889 2806 8770 2848
18 8477 5727 8447 5829 1386 6446 3663 1676 1480 7501 1199 3661 515 2486 1327 4296 2322 8480
11 6663 8149 892 2718 2469 4577 5560 8707 5130 9977 8210
20 5235 7028 530 9628 3921 5783 7209 8595 6283 2477 1433 8598 8004 8833 3796 6204 6469 2785 4571 5059
29 5300 9649 2401 7572 5668 6119 6133 3904 9248 7498 2910 5373 4582 7529 8593 2087 2991 4102 4187 4201 3706 6500 416 8619 7343 8282 2224 2221 6613
20 9409 3918 3024 7465 5711 1474 3418 4274 5564 1790 8111 1623 2638 3240 5207 2886 1095 5874 9918 9329
24 3167 3311 3403 3602 2992 2442 2981 7176 1748 4087 9085 90 5384 3756 470 6510 3385 5505 8781 6592 8132 2310 598 6465
10 563 2979 2884 5899 6907 1198 3854 8007 7147 3028
26 9679 5615 9320 326 1508 9872 8298 2954 8486 4594 6751 9000 5210 9407 3907 7615 9727 1976 5739 7932 3801 264 2529 7888 756 5758
14 768 9503 95 8192 2678 3563 6586 573 4726 5749 4741 4277 1207 7111
22 5860 8630 1100 8835 1252 8530 6584 4786 1143 1322 4681 5966 420 5288 2493 3642 5940 5030 5127 1202 8080 3064
22 8758 2440 9464 6026 9262 1256 9357 425 3157 6345 4856 8624 8291 9816 733 9547 1749 6124 8172 8356 8139 6514
16 8670 5284 4351 9877 7800 9865 2127 7 7845 5740 4287 4556 131 8925 5652 7641
15 6916 3147 5008 2989 5372 8186 3216 5083 238 1953 1566 8810 5257 3943 2951
20 9888 666 6659 9031 3811 65 7502 399 9029 103 1342 6600 9099 4095 9898 9956 1641 7215 1677 3825
16 6807 7398 7355 7262 3137 4075 3473 8010 9372 5594 1274 9178 289 2298 1758 5538
32 2316 8484 6068 8346 6567 7253 5409 4872 9222 7301 6882 8401 2057 5040 1464 6488 6926 357 6609 6339 5309 6556 940 2646 2553 4837 750 3179 1173 5348 910 7223
17 2061 5213 4194 4875 656 5371 3330 5456 9807 1089 2647 6194 2725 2604 5811 1823 2691
30 5086 1637 5517 6338 7226 5650 8876 2187 374 4699 8631 7516 7045 5386 2037 1308 5704 4620 6608 2995 7725 6400 6691 5795 8315 1360 7878 7611 8581 6063
24 4058 1593 209 2896 7208 6809 380 4130 6476 2121 5481 8326 3494 8270 4468 4505 5022 5918 5974 9058 9773 4540 3559 7795
14 4618 1384 5189 9487 2212 9350 3296 4952 6890 68 9808 4269 2730 4683
23 7929 4428 9282 9633 9654 9681 5690 7387 7515 2842 7221 3476 9659 5353 7009 8601 22 9091 8689 6490 4740 2894 5067
26 7401 1438 5049 3050 4602 4024 5952 7729 3228 5933 7857 4821 5268 5470 1065 5778 53 8738 4517 8812 8914 8483 879 3113 6978 4725
16 2384 1411 3399 6763 3628 5271 525 3412 45 4216 2002 8180 5935 4728 9714 4292
25 4855 6139 7428 2649 6703 9180 5866 3315 3829 2630 9240 3574 7547 5911 2854 3979 5877 968 2381 207 1483 4229 2251 5889 5376
21 273 2297 4449 5630 2021 4747 6629 6396 72 1770 7969 8436 6432 393 6723 747 7833 3671 3522 2540 2276
14 6831 7891 2881 4938 7847 6247 2290 3230 5084 3504 3703 2961 4790 3617
21 9325 9864 3338 115 3648 3895 9073 8339 2373 7796 8400 2139 4407 4464 3010 9218 9958 7961 4015 389 3111
27 3444 696 6455 4673 6352 4409 6222 5452 9238 2248 2417 6406 5004 8437 4382 1926 2567 3960 1183 954 4923 6010 5634 3415 4041 6323 3611
26 5769 5218 4635 8536 1201 2323 1762 7171 3785 8018 6727 1271 7414 2513 6866 7178 695 7807 3235 6707 8387 1446 1361 6626 8561 8994
6 9140 5491 3317 4830 2741 5982
5 8703 190 7779 6793 7909
18 117 8290 7373 4940 1355 9645 4441 7562 1589 52 7267 5133 9023 7062 3968 184 1171 6090
20 7913 3325 8938 4415 137 2439 9358 9542 9250 3234 3503 2162 7892 7756 8046 6621 2170 1052 2408 1378
22 6695 7108 2110 3305 7843 7754 582 7090 1850 6552 2950 2068 116 2772 63 2226 6214 5673 5787 3627 9129 7356
30 7040 7156 2957 4686 5234 5135 8882 1311 254 8510 387 8550 4701 3404 3893 2325 7552 414 855 5524 7721 1214 1270 2069 5613 3633 7228 9811 2130 224
26 3855 7198 2147 6474 3502 2732 6407 9156 2220 7078 6864 2 9983 6375 8470 5032 3300 8281 7995 3523 605 2223 1801 6311 2926 3969
11 3371 2538 9806 3739 2119 8303 5272 3422 7702 3284 4186
20 8329 7180 9316 4048 2769 8627 8212 3115 4988 8958 3630 3076 9119 3771 7688 4363 2211 4554 7824 263
20 9675 7020 7372 7874 6771 8955 645 9466 1098 9028 5064 4734 4499 6824 5694 9894 3438 8248 8966 2620
27 6198 7320 9255 9485 6392 2409 3232 5994 9822 3751 6363 6326 3808 7939 2563 3413 7388 7449 3383 5110 6553 9414 7144 7593 9953 6005 8278
16 9449 2031 6357 4555 1023 1533 2655 4448 5438 3558 9417 7739 5926 4305 7751 5408
26 4307 1605 9274 8588 6984 8035 3205 9440 8407 1045 6800 2901 8218 8108 517 2611 9686 654 9059 3769 5418 4672 6606 5362 2847 7375
17 375 3758 8254 2235 5678 5228 595 2797 8585 2192 4892 7949 6591 6482 5937 321 5543
24 1040 8739 8157 3605 8989 4481 6380 3532 8617 2525 6178 1188 698 3292 1435 3674 5705 3198 1249 5612 1390 8468 3741 3883
23 222 3579 4233 47 8079 9751 5124 7778 5907 9694 2104 9361 5532 4092 7521 6697 3917 4222 858 4192 1442 4337 4803
28 1005 7329 9543 5663 2352 4450 3901 9553 3752 1840 8688 6728 614 9943 7328 3244 8651 5930 5319 7244 6760 522 3698 1419 5065 8648 4779 3857
25 9550 2653 1494 7762 3133 485 4800 9837 5105 7407 6722 8911 7091 3027 547 42 8845 5 5912 1517 3922 4077 3687 5508 6111
11 3555 1803 4907 865 6391 5039 2694 9767 1310 8881 7362
16 1135 9366 5502 5984 1485 4765 4513 2701 7607 6330 7954 8386 7395 4157 2839 9573
10 3578 3685 1364 3799 1203 9968 6605 2501 9709 2887
15 5424 1323 1869 2518 849 657 5553 8776 8162 5938 1103 6278 4812 2064 948
15 4894 9406 4112 4225 9613 1245 1346 8300 7613 446 2307 4354 7996 1254 8847
16 920 739 3461 5920 3906 7759 767 2556 6218 9192 4539 5042 678 1027 2337 1003
24 9799 6150 5377 6454 8421 5050 5169 1458 2875 8638 7680 7630 2837 9384 260 6318 6314 4946 6303 5842 3492 4197 8138 6241
19 2559 4583 1030 435 5917 8112 1902 7811 1595 7453 8900 269 8684 9432 5435 9781 635 818 5944
21 961 3596 6756 1206 5941 7749 5519 3556 7842 8749 5986 8107 6561 4118 7023 7450 6291 7112 3543 1718 8850
8 372 7948 6166 9197 7338 2689 4823 8453
28 7952 7116 7546 57 6438 5453 7448 7643 6902 3499 5700 9160 7440 37 6459 999 3397 9616 8347 2733 2763 8405 5752 6046 8893 3172 1230 6919
29 24 7889 457 8991 4704 7856 2706 9424 1710 1417 4564 3007 5527 3894 8974 4590 453 4000 1011 8286 8709 570 2195 8005 2968 9007 899 1479 805
26 2869 3990 5295 164 5799 6270 5457 8058 2043 1096 6680 6920 8516 2443 4567 7137 6249 8354 1007 5775 7390 6933 5051 4445 7985 8898
20 8962 9985 3795 5054 8546 8239 5094 9884 2580 2144 5552 1094 5950 8839 4956 4967 3128 4729 2623 4311
29 4150 2079 3368 951 4656 5584 921 5844 6426 8843 2607 3295 1688 8383 2153 6785 8656 7914 4280 5850 1548 8117 4081 6964 51 8238 6534 2821 4140
29 6115 3294 7224 3411 1723 4587 6705 2105 3970 9195 1864 8505 1176 7967 3121 4562 4440 366 7298 1525 7886 4152 3881 6037 8322 9525 526 4530 7069
6 3988 1372 3291 6306 2633 1555
29 5885 5948 1588 4246 3938 3116 3468 1583 843 7829 1117 5101 4921 8293 7587 8775 3392 5810 5575 875 1187 2047 3151 5378 1478 8572 383 4531 1939
9 541 7325 2454 8206 6417 9676 9120 1602 3380
26 4143 1406 481 6128 4613 6526 9127 3098 3099 9478 7894 2645 9103 5016 3962 7265 9594 2555 1131 9885 1507 6193 8398 8260 8654 3480
24 6228 1024 9385 1430 2984 9272 2515 3754 8928 8743 4340 2631 7538 1882 619 2242 2027 1957 1927 3015 2219 8888 8519 4013
19 622 3138 1223 3554 4957 3732 9546 9394 2790 5033 7573 9074 6134 9221 5154 6184 9428 1450 2528
29 1833 8459 5887 5627 3054 5241 993 6082 8506 9089 9584 6389 8741 4543 5651 1154 3832 3391 2433 1906 4738 7979 4797 1437 3604 1467 7977 1570 3975
25 6961 2714 3068 8464 2651 1281 5695 3451 4497 3247 584 2796 8064 7560 9780 2398 1740 1606 4579 7056 5745 9875 7676 2697 9831
29 29 7553 8440 4003 9712 9429 1263 4503 6832 3146 6379 4787 1603 1012 4651 2765 2756 9244 7820 4974 2334 3587 8084 4178 9206 5831 4383 3014 9281
15 1664 7129 442 9104 7380 3760 3911 971 8515 2301 8861 9507 6853 5415 8789
24 55 8158 5636 4228 2140 8615 7263 674 8809 9687 912 3221 4168 5512 7461 9086 227 850 4030 9726 1285 900 690 590
24 9523 3148 2626 7255 3885 3542 5601 9678 8523 3952 2867 7592 8662 576 2400 1624 9403 3389 604 2481 2491 6569 9753 3313
26 9216 2123 3426 3191 330 7479 1436 7275 2264 9420 4667 9800 5523 894 2204 8048 3320 1091 4402 1185 8100 6007 1403 9061 3858 9131
18 9283 699 2118 1997 9557 6398 169 2473 9044 2088 5987 1574 860 4199 7603 6045 3042 2410
29 4842 9052 3354 4202 1667 9832 3169 1325 6850 6106 3561 4086 6059 3573 740 7007 8524 8325 600 3158 158 548 4766 6368 9499 4909 391 9766 1929
10 2576 4387 6804 7102 2000 2919 2578 2602 6344 1855
24 4346 8262 2511 718 5756 4318 5287 5045 8542 6161 1393 7222 2042 7651 9917 2956 9863 1806 6126 8805 7105 2795 4181 8726
31 1888 5743 3396 2497 8772 146 5724 2377 7466 7081 2921 4114 2281 3757 3963 1396 153 8997 2358 5068 195 6180 4945 75 7639 5797 3322 3792 2185 8008 6288
24 734 5359 482 5602 7494 4862 4355 6268 8659 7383 6086 4155 632 2222 5947 2579 5726 7981 8765 2830 6250 9850 4490 8022
16 3149 9852 1959 9702 4595 3729 8317 1836 5633 8349 7518 8114 1129 9198 392 6185
23 7119 8073 933 2663 8379 2527 8869 2035 5001 4062 1584 3597 5664 4489 8415 693 2269 631 8626 2094 8683 4203 1699
9 4214 945 4630 8816 9954 1744 4005 4735 1204
14 7862 1111 233 7368 1918 9295 2010 3344 6611 4600 4542 2905 9909 5865
18 157 4781 277 3083 3966 6538 8504 5088 5405 2809 1008 3765 816 4893 7990 1064 9993 5398
27 2986 6658 1524 5888 1797 6512 2652 821 1309 1048 8533 1875 2444 2535 5872 1649 8141 5326 7121 1397 3094 9271 2629 3184 7303 906 1247
18 297 1874 2184 272 3285 5411 3714 594 8992 2354 1780 3312 2625 2165 5623 1898 9311 8337
18 1978 5393 4848 3375 1175 8609 2209 175 5792 2174 6238 7264 9715 7478 911 4079 3012 3279
15 3103 1630 5369 7236 4705 2060 3435 9364 4588 2615 1691 5961 6477 1599 9721
16 5341 4546 5089 1518 4520 9337 8532 5852 7063 2500 8215 2050 3864 9600 6212 616
25 2912 7230 3092 6550 6402 7191 3227 2648 3173 3924 3282 1702 4746 5166 1885 185 5128 2816 3223 5873 1157 8053 3745 4324 8070
9 3281 4885 6410 3614 1416 5956 4521 3700 6960
6 5716 6199 9602 9927 5653 3586
16 957 6747 6192 2717 2330 1348 9667 1598 8788 1379 5162 9971 6273 4649 9635 2659
30 6724 6752 1218 6058 6739 8368 9138 1725 8827 2467 355 395 6821 2341 2024 8961 4217 4878 9470 4963 9422 9961 7030 2575 4926 2775 1788 5499 455 5179
16 445 5875 6208 6729 7135 2128 7103 6067 6674 4014 1061 5325 4563 4886 8622 3289
15 3693 1251 7446 5303 2178 6719 8909 8687 2565 1541 5176 2051 4906 7100 5969
15 2020 5237 409 210 5656 529 7019 353 3155 1930 7940 6447 5313 7735 5478
19 8395 2838 4109 6718 4973 8529 3345 9975 377 4496 6696 4043 2532 6176 8068 8015 983 6869 923
21 2008 7471 6669 5212 9795 2041 100 4639 2355 6237 9612 1820 7422 6301 1911 8540 126 9571 1519 5183 5979
26 8406 6849 8462 1904 1 8937 3117 3261 949 2156 4224 5163 624 2546 6226 1974 6282 2257 8754 7514 5144 7989 1726 1425 6676 3286
28 5598 902 4761 6340 8191 4034 9964 7873 2164 7145 862 3722 5379 1073 5484 539 4684 7175 5165 4254 2727 6022 8333 1825 1619 5485 4350 8171
25 3030 400 5017 5158 1215 4099 2505 7513 9741 2557 9785 7672 5072 1857 3912 8060 4631 220 6988 143 4908 2628 2259 662 5232
23 3471 6558 9845 8747 9538 6244 1415 5009 9632 408 8345 9150 1307 2308 2499 5492 3941 7481 2878 9555 3520 8429 398
17 7141 9473 8328 6922 4141 1381 6286 1025 3081 2650 2363 3243 6535 6631 5545 4951 1510
24 8102 8792 5626 8042 102 6989 6716 2343 3372 10 7259 2861 2364 1538 6055 1621 5759 7022 418 7487 5544 1060 4451 2964
13 585 8376 730 2425 497 9527 4913 8998 2547 2548 8988 670 4646
19 268 5572 6255 35 9037 9475 2044 560 6359 4828 8316 2846 7392 4916 8553 2550 9749 8641 2117
18 4495 2026 6536 266 9118 4021 4063 9962 8984 6367 6056 7305 4343 4329 4700 5731 7906 9970
27 1353 8020 3947 8285 9071 6643 7278 252 4552 8214 9482 7381 793 2063 5734 7520 8829 8201 8461 7851 4271 6992 2779 9338 9336 3665 6603
32 5406 8209 9469 3717 5620 32 6648 9564 2011 2108 9516 1051 6104 5801 1471 1235 9239 974 3916 7500 7893 5832 5542 8634 8712 2488 9922 8352 8089 797 86 7459
15 8342 8449 5025 854 9497 6062 8062 4528 3809 7431 5423 2879 6685 2329 4091
22 5649 8412 7457 3843 8373 2370 5999 3449 6281 5357 3982 9688 7675 8305 5916 4680 4422 1549 3886 2993 9878 5244
27 7640 3208 5214 439 7690 6825 7933 6081 3909 9701 3425 8193 1255 9330 6353 4942 4430 5943 5793 5186 3713 6144 2811 1542 265 3612 685
26 1528 9452 2657 7870 3972 7232 7386 4966 1109 7679 2977 6880 2844 276 4454 3484 4925 8975 3206 4298 705 9668 3780 9940 3664 3346
16 583 3608 7610 26 322 3844 344 7517 6837 3440 9745 9465 9703 5395 1966 8374
29 2941 6493 9813 9640 596 2181 3477 8785 2640 2260 1943 193 2568 1392 6211 3070 1967 7363 7403 9092 3214 2619 1238 5788 4676 7597 4054 9317 7058
10 8204 3029 6265 9483 7930 4961 6768 7484 4811 8057
27 3025 2006 3188 8146 2934 6575 3778 2360 459 5031 1891 8819 9247 274 1468 8049 261 7076 2943 4234 7706 6759 3131 8723 6335 8503 3688
15 1735 8021 6879 3635 731 1901 556 8668 9883 7828 3020 2133 8607 758 2618
12 5304 6110 7638 1240 5779 3038 348 5557 4944 2315 5301 9287
2 4829 5441
15 741 9128 1564 9251 17 4032 8565 1358 2820 1936 6300 4308 4962 8941 5504
34 5381 2512 8309 6012 9477 9202 4605 1738 6672 508 7691 2397 9881 5256 1389 2670 2740 9643 9185 1690 1719 9423 6511 4492 8066 2853 2080 3002 901 5718 8327 6271 6997 2813
28 9979 3951 7648 956 8348 7534 3657 9896 7822 9823 275 9908 6231 5191 8750 3763 1072 2834 8946 5109 9399 466 7776 6731 7307 9608 794 142
27 8559 5358 493 290 9064 751 4541 9570 3746 3930 6333 6921 6619 5583 2268 3201 7094 4982 28 6224 2868 2202 229 6955 6533 9938 3386
16 6321 537 8199 3195 5796 1373 9786 868 8944 784 1242 4129 966 6096 5977 9906
24 3743 2748 1955 802 5719 8575 6638 9737 5260 5076 3859 5062 5247 4264 6415 909 7351 8476 4419 1126 1085 7051 579 4374
6 9581 5990 1208 6452 7506 6665
17 1269 7314 4629 2406 4989 2898 3862 1292 4019 612 5582 9919 7018 7582 7292 7839 9914
9 6039 6868 6622 7130 201 803 6225 3517 7482
27 8520 3104 655 9657 2799 4544 9923 6213 7941 1101 7014 1466 7898 8646 1337 7507 4890 4903 6129 2155 8769 4447 5867 5248 7968 840 1343
18 3457 9137 1010 935 2551 6132 886 4871 1752 8494 6642 6463 7359 7953 3035 2786 3107 2055
13 8728 8104 8784 2112 5830 553 6243 1067 5138 1084 2312 20 939
31 4687 7846 5507 9680 1729 9135 7636 5713 1081 9641 6156 5879 4634 3673 9328 9474 2504 5180 6444 4993 9080 5722 7723 2215 798 165 3175 7836 7350 8265 7783
28 3564 7704 2681 8915 4020 3789 7901 7730 5116 3624 1831 7624 1842 5908 6948 4754 6667 340 3087 4737 7241 8423 3275 1903 421 2321 9396 9334
5 580 1192 4004 3526 4325
23 6649 6735 9586 7382 5187 3636 8030 6744 4335 4694 2485 6675 2371 2028 6577 8455 1506 8866 2554 3080 9215 5476 343
31 61 8435 9011 9634 2250 4652 85 9381 7503 6999 9208 4628 2319 3293 6682 5350 701 4097 6847 1632 160 2029 6050 8012 4462 3189 6701 4861 8384 7565 9532
17 4788 864 6473 2470 127 9458 4045 4347 1785 7295 3581 4599 7946 1809 2610 3218 2658
13 5161 7575 1670 7345 1673 8417 3153 6766 6099 4968 4393 7138 1472
16 6456 3196 6307 1830 3566 4764 8151 9833 872 8592 653 3324 4303 4996 7537 5046
28 8179 3160 2495 511 2937 9842 8094 1211 9288 7564 5074 8159 3031 9479 1283 3150 3406 2413 738 3000 347 1036 721 1244 236 5750 3298 7937
28 6952 2357 5954 8219 7190 475 4709 7037 9441 8125 4266 8428 2526 5005 2116 6655 6130 6530 9664 2617 9791 1526 1161 5814 9771 3571 9614 9430
10 7877 4537 1054 1399 8389 7214 7374 8091 2073 566
26 7799 8699 128 5955 4658 8188 5576 5603 1299 3211 3592 8650 1781 9739 1824 9725 4817 6555 3019 1793 5264 2046 4315 9454 7289 557
29 489 2791 3129 1994 8856 8034 992 9276 6805 8485 4775 3466 4824 3039 8545 6861 887 9978 1622 4831 1375 9323 2022 504 3899 7437 7964 8538 5665
22 9207 4959 5996 5090 6503 4139 8742 2404 826 9151 2292 9729 938 1656 1747 112 732 4259 2099 1093 1293 3402
10 8184 9763 6464 5363 5820 1987 7744 3224 5294 9536
15 8420 1090 9030 9925 1933 2522 7012 4771 1616 925 8751 7054 9309 5407 5147
26 8675 8848 2780 5712 8682 832 9617 1453 5914 1907 8307 304 2960 7402 6829 5258 441 2895 1049 9308 5454 4922 4509 410 6717 7789
32 6424 9851 4080 4666 6969 2771 8804 7745 4696 514 5702 5995 1979 8760 7231 3443 4060 5139 4912 8669 2700 7797 1618 3337 6690 2723 1708 7660 8195 9792 2200 4047
14 5245 4624 2132 8173 2368 1521 7715 599 7122 4931 8501 3533 2457 4338
17 6160 7451 5540 640 4953 5853 159 3524 9346 1706 2987 7705 5011 9277 5939 8301 2508
7 7468 7854 706 8964 8454 2196 1456
25 1866 1734 4507 7686 3082 7816 5014 4163 8033 1679 4685 5556 1988 1516 1253 2936 6637 2091 5392 7084 1404 4416 438 6080 5682
14 3692 6877 364 2148 9957 8927 7247 8744 1080 5834 7202 6051 757 6113
9 8578 2480 4969 5684 5394 7809 6520 7219 6518
5 9121 5475 3331 8336 9515
15 1993 9544 7249 9769 8093 2600 986 6871 1152 709 7150 6904 3135 4569 6517
31 3239 1984 8832 135 7172 3615 4372 8642 300 3839 397 2885 9849 6181 1071 5122 3141 4251 9661 4025 4026 8905 5327 3226 5328 8499 4284 3140 401 9387 5293
19 9901 1973 5959 9229 6462 8549 4614 8003 4936 3023 9126 9443 8467 7540 5806 371 2152 6750 181
7 7911 2915 975 7554 4028 5091 6441
7 9411 4511 4815 7567 172 3807 7110
10 1563 6066 3646 1476 9911 2766 5635 8605 5883 962
24 4882 9996 150 119 3783 313 7282 9539 9408 4834 7830 5134 6312 9706 2990 7497 5007 7201 7997 6487 2136 4697 2794 737
18 5902 2899 5748 9705 2639 4065 3469 7654 1448 4055 2452 4457 7570 5233 7505 8513 6543 641
31 7229 7082 4867 3875 2856 2570 7922 9761 2394 8970 967 9980 365 8511 2229 255 3 1275 8299 5019 3448 745 291 8497 4367 307 3971 9747 431 1887 9472
9 4066 2520 3991 3193 9541 7718 3237 8567 8596
28 6965 1689 3866 4088 5012 3057 552 7041 403 120 2115 4559 8705 7024 1145 9331 8258 5175 703 6091 6787 8358 7053 4753 9637 3335 9577 5629
5 610 4648 3263 2573 3848
12 7318 2426 8040 8614 9341 708 6172 883 4773 959 8253 3749
19 2429 5034 4717 7483 5640 4919 4730 9755 5339 6328 2317 4598 5177 6028 4702 8943 3652 4220 8350
8 6633 8629 4502 2216 9492 6886 6896 1880
18 2278 5818 9012 9349 8031 3856 4902 213 6027 471 205 9415 8409 7257 7290 6317 8879 4127
27 2774 5721 5621 1557 6216 8167 3165 7907 4584 1787 2938 5768 1681 9534 78 8931 7047 2871 5595 2666 312 5555 7983 8216 7834 1951 2724
13 9020 842 1995 1233 5477 6076 2288 1659 5410 3287 1408 4695 1805
9 2418 6545 9587 2258 9891 648 9775 1958 5931
31 9291 6924 3821 2537 9871 3047 9457 8353 4300 7169 4879 1872 6386 2622 8450 3967 3428 4518 4312 9480 2396 7177 3511 4082 8885 3695 1694 1645 2287 4332 231
26 9626 4437 1267 5892 5539 5263 292 6618 4089 4714 9370 7334 1715 4718 3999 9083 4810 6812 628 4755 5126 9590 9931 8295 3797 6365
6 9187 9459 362 9005 3388 9770
27 8509 8774 8410 2635 2077 7840 1369 4792 6657 7770 9859 7542 6253 4121 800 6105 4632 5728 2739 1763 9398 9343 7485 7959 9484 5988 8178
31 4586 5060 5554 318 208 9537 8118 2661 7118 1768 8266 7339 1639 319 2228 7865 9333 4692 9460 4626 5851 7280 5549 1575 7955 1158 4896 2521 2914 3987 3620
22 4644 494 6593 4965 1561 3846 4473 6366 5061 8725 1818 3242 7917 6666 9895 9279 9794 4859 4261 6993 4018 1306
18 2327 7346 6319 518 2344 333 3379 941 577 3730 9041 2182 9145 7803 8797 1288 9123 9736
25 4098 9246 9078 989 3740 7732 64 9234 8263 711 3731 3432 6678 9880 7978 363 5448 8907 9204 2872 4751 6616 4723 9004 8054
10 7227 6154 1704 5989 6653 4994 4399 4189 1576 998
8 6694 9691 825 830 6966 3124 7425 2053
25 219 5112 5771 2056 2997 141 3770 4195 40 6865 2958 5708 7594 5305 3593 6692 5157 6431 3684 6564 4142 9008 5836 4977 2677
15 2176 3283 8887 334 6145 270 4943 960 8908 562 3626 3819 2606 5312 3097
25 1815 2106 4836 5837 9101 2395 6579 7805 7532 4046 929 6223 6235 9758 9142 495 964 8362 5754 6687 5781 9840 6782 1892 3514
26 3008 3976 9944 448 7442 3701 5344 6491 1302 5123 6838 1368 9155 2959 1814 6486 7454 5763 1167 2517 1971 4361 2764 9210 6294 1261
18 5222 4455 6125 9579 8038 9810 7620 8692 613 6509 5164 8570 5531 1149 5044 8541 759 7766
29 8271 9595 41 8133 1102 8665 1985 1700 118 1179 5323 1166 6883 7006 3356 5537 256 9456 7966 7160 8972 2860 5643 2083 1380 8321 7722 2814 5370
14 9670 271 4980 4558 4137 6927 6639 177 9900 4838 8623 5826 4783 1284
28 2944 7631 4703 6563 7092 2696 9684 8101 867 7361 1692 3498 2874 8904 8105 3277 8986 8360 2256 3935 3820 7970 8859 4108 2096 5596 8211 5273
29 6361 5744 7248 9562 9450 922 4643 4607 8761 8220 8953 5998 1924 9056 6292 3154 1042 1743 4621 3920 8280 4051 5618 7170 5960 7950 5735 6093 5390
12 3321 5052 3446 2685 5590 4917 1732 3653 3932 944 8838 1701
13 3647 6325 8680 8006 9047 3889 479 1848 3250 1473 5592 3110 9172
31 8564 2784 6450 780 5503 6480 8990 934 3621 8288 4406 9987 3501 1822 8475 2142 8076 3013 3878 5401 6230 8677 8658 3040 5972 955 5368 3238 8939 3589 8377
11 7716 9828 9389 2752 1400 1484 6448 9642 5434 7881 4662
16 113 1635 1177 7337 823 907 2386 1862 6737 7316 3225 9580 8222 4364 4568 8131
27 6913 3334 4869 9949 4930 4400 7693 542 9438 4802 736 7626 1832 6612 4597 4322 7591 6256 2475 1798 9606 3872 7039 1301 8308 8087 4987
26 6607 6159 4665 7557 3583 9209 2385 2320 379 285 4515 9994 8140 6578 129 8569 2294 8584 9762 2616 1712 6049 6394 9601 7496 2441
24 3168 1852 9805 4826 8791 6305 8403 91 3669 5782 4561 5041 4012 1905 9533 9431 5035 1894 3109 3456 6792 4510 1377 1923
23 2313 315 428 1792 4806 2927 6537 1509 7315 4227 2558 8820 8830 2923 2340 361 9674 2582 4116 3273 7416 4310 2300
27 1724 166 3786 1986 1491 5107 3993 1613 8243 7629 1338 6885 2179 8097 3163 684 9435 2757 9591 9201 5010 2929 3254 3727 5003 9461 4319
17 5402 6851 6836 5957 1460 376 4070 3955 2199 7670 6524 5774 6355 2450 702 6073 4156
28 6900 2742 7000 9179 6399 1110 2095 4498 3505 8148 8134 8807 1736 9798 3567 5687 7571 2158 5115 4488 5924 9339 9759 3644 6944 7311 406 9476
16 2507 5654 1804 3585 9002 8236 2751 6397 4165 8697 5203 8443 5414 323 9787 2502
11 5343 1489 9636 3036 2059 1565 5679 3496 2909 7755 492
28 3667 8566 1313 6316 5511 9738 9375 2160 8324 6374 1523 8164 2054 1531 8109 6443 2882 3689 1572 3374 7844 5762 1127 7696 7606 7035 8613 6087
22 554 9974 9559 3544 4115 9065 4123 9070 7143 4074 5692 6810 9498 7326 7192 6006 973 7408 54 9257 251 638
6 7088 3773 6029 267 2660 2516
16 8587 7677 5516 7662 39 8413 8099 5559 6820 4388 7782 1666 6315 5546 3357 3367
28 6418 9306 5282 2261 9130 4017 9731 3981 4884 3997 280 947 6743 5314 2175 6891 8863 1351 2873 7439 4678 8985 3728 9203 746 5269 2998 2134
25 9698 8323 6003 1628 7034 6814 5366 5100 5160 1016 6548 8067 5259 4805 77 6714 3980 3707 9448 7258 6623 8230 7268 6177 432
6 8698 7357 3017 6293 1817 6644
27 6780 3384 212 8681 6034 9576 4371 7761 715 4236 3782 4453 4625 5992 433 6778 5925 9946 4501 1678 7835 3248 6390 2252 8877 82 9354
18 6767 5332 7926 4125 776 6542 5561 2389 2012 4524 3171 603 4972 6285 8090 4424 7123 9673
28 6044 9087 720 7867 2982 6024 1169 4356 9963 1220 7794 7872 6963 3992 3213 2955 809 6604 9748 5416 8392 5078 9413 2131 2815 4339 3185 144
25 4056 9768 5307 7882 3759 4617 649 847 8237 2835 6708 3977 8935 1296 6539 253 4438 9455 3954 3944 4434 2888 3041 3264 2897
16 2531 5510 3603 6856 6523 6196 6272 3482 106 9077 3085 4722 3547 8177 6083 2939
6 3410 4223 2782 3840 7464 7773
27 5881 2928 8448 3616 1222 4007 8951 2802 4477 9652 1330 5569 5725 5909 8576 6995 8525 5111 4239 5588 8269 8942 9200 5459 2671 3417 7899
23 1879 8277 3557 7152 853 9062 6962 1643 2023 8416 384 5625 5349 7897 2097 5823 2953 3063 2704 2976 4795 2103 1633
17 8086 1778 7149 4330 4033 6038 1682 2545 752 6351 3125 4193 1086 296 8232 1972 5714
23 8189 3430 5777 4376 982 422 2930 6956 4636 4532 9319 7987 9826 7394 8917 7195 1654 4175 2001 3423 3162 2865 0
5 2828 3202 5669 316 8808
12 1794 6377 1444 80 9663 6419 4504 299 3637 4049 5029 7441
18 7849 328 5205 4920 5566 1873 753 5375 4256 1062 388 4301 3084 1552 623 4901 8372 1962
27 394 5487 9874 7312 8085 1913 4986 772 97 6248 9106 9322 7205 8492 8621 5565 8673 4578 6014 1265 6860 829 3301 7218 2908 9782 9860
29 6269 3067 5541 9804 6601 7548 8597 6422 2362 8782 6932 7167 9143 3610 1420 8755 6970 5216 3613 2876 7155 5215 9253 2692 6872 7577 5973 170 7049
21 6843 4352 6630 1004 163 484 4608 2109 3351 8129 5220 2560 1853 3091 625 6732 3350 4375 8724 831 1300
28 5027 5856 4349 7934 572 2613 1511 546 4270 2948 8312 4832 8721 8268 4688 3447 3828 4461 2405 496 5397 44 9615 182 1935 5817 7042 3032
17 7709 3849 1200 4050 8940 4990 5579 9133 23 7233 1760 3033 6074 5224 7057 8163 8535
16 7188 3170 6765 8419 5351 3433 5437 230 6681 3269 6953 9225 6187 3299 8250 2445
14 1332 9191 5285 4782 7628 5642 9033 3102 930 8245 4394 490 692 1626
7 4475 7768 8803 7193 660 6089 6544
16 7064 7319 4720 6498 1693 9134 7043 4006 8753 7855 5333 5412 8663 7539 3702 3134
27 8213 5746 248 5816 8995 7239 5619 6103 2086 4550 2089 1756 7879 6043 6137 534 1782 5568 2282 3897 9437 7596 2120 9069 5121 1118 8543
22 6912 8493 7370 1104 9724 9157 936 9783 6116 8153 3437 5921 8528 8196 8734 988 1607 7300 9568 9296 2940 4158
24 8787 5698 9045 1500 6615 5422 1232 3530 4147 2040 2468 5317 581 125 8252 4732 9518 7767 8625 4458 1367 5616 2238 9915
14 3697 8715 3512 1977 8259 4664 244 2388 4857 2346 3715 4759 3712 4042
13 4536 3424 3381 9231 589 500 6528 6827 1329 2101 1703 2822 5296
25 6656 2293 1527 6430 2207 7256 9159 691 9388 4113 987 7712 8027 8460 5767 6522 7944 5320 6175 3001 7623 9999 9764 9545 2818
24 1227 1625 4863 9042 7785 4713 2075 8500 6915 1981 9574 8916 6146 7904 3660 1535 735 8522 5707 3407 3488 1658 5202 2032
18 7293 4170 9869 6818 8059 7663 9897 3429 7080 6120 8793 4898 7313 5805 6077 9122 132 4949
31 2324 2711 9631 4657 1106 4171 6346 8860 2072 7971 819 8960 3847 9136 4190 859 7331 5419 3376 9009 6791 5936 3884 6599 5461 2318 2361 6057 4841 5150 3679
29 5971 2523 3816 3565 3537 2831 5622 3623 1660 1069 3210 7296 3339 7288 3011 8841 7405 5217 6990 7299 3485 9115 764 9391 4474 7938 667 5443 6559
28 6662 2143 565 9735 7912 2665 2753 4213 3258 7724 6909 5610 7866 4248 4533 151 4044 2478 2721 1262 7584 503 681 1347 4275 6573 2100 5125
24 1447 8713 7430 3022 7246 9068 3122 396 4776 4677 4689 7900 4085 133 2137 4964 1075 1854 2494 198 1092 6499 5825 7011
17 3333 2335 9830 6749 3220 9199 9186 8478 9034 7304 9332 1076 8999 5460 6434 8044 6870
24 1194 8554 3319 7438 9858 3609 2407 897 15 7341 5278 4272 4845 7016 9862 6628 5863 5468 3318 4991 8762 8948 8106 4750
32 2296 7585 4207 1601 9819 7162 9177 4327 659 2906 8987 9379 8918 4669 5880 6167 1982 6854 8197 7419 6709 5270 8041 1440 7526 2249 6828 9622 7184 8168 9025 3347
24 9733 2963 1970 5156 3818 952 7576 979 7931 6451 2933 928 7708 5558 3352 9181 7302 6588 2858 6092 8276 7813 7568 1137
21 6529 6168 8338 8521 3915 4245 1319 9732 3582 7396 4023 1829 781 1577 1928 8036 2746 1868 3310 9259 4145
18 1883 3459 3541 6475 8831 908 4939 8017 5171 4789 2768 2004 9017 3059 7771 1795 6032 6470
14 7455 1530 9744 9182 1587 9035 7010 2866 4573 1258 7059 4242 8078 9326
6 7711 3865 5699 665 3026 4887
17 8965 9230 8431 686 4915 3736 8875 6841 4581 7038 9905 4983 5688 2210 7166 3838 4592
23 6794 8203 7666 6842 9164 1835 871 382 7924 6699 4073 279 243 5000 3452 2367 6935 3716 3600 5644 8910 5159 7731
12 9820 1674 1221 1777 607 3215 3062 7697 138 2760 8661 4941
26 3049 4084 2382 4914 1294 3513 5400 5915 6746 7488 6157 67 7021 6436 7101 1786 815 9802 4182 7089 593 8267 1336 7052 5978 2773
6 3708 8815 11 8906 9967 7581
20 7140 8426 3073 4410 9620 6261 9972 2076 6279 9228 2972 3278 5155 3959 232 863 9148 8729 1388 8047
